2021-07-15 09:49:04.268 [main] WARN  c.b.mybatisplus.core.injector.AbstractMethod - [com.example.demo.bll.mapper.TaskFailureRetryLogMapper.insert] Has been loaded by XML or SqlProvider or Mybatis's Annotation, so ignoring this injection for [class com.baomidou.mybatisplus.core.injector.methods.Insert]
2021-07-15 10:23:56.766 [main] WARN  c.b.mybatisplus.core.injector.AbstractMethod - [com.example.demo.bll.mapper.TaskFailureRetryLogMapper.insert] Has been loaded by XML or SqlProvider or Mybatis's Annotation, so ignoring this injection for [class com.baomidou.mybatisplus.core.injector.methods.Insert]
2021-07-15 10:28:40.574 [main] WARN  c.b.mybatisplus.core.injector.AbstractMethod - [com.example.demo.bll.mapper.TaskFailureRetryLogMapper.insert] Has been loaded by XML or SqlProvider or Mybatis's Annotation, so ignoring this injection for [class com.baomidou.mybatisplus.core.injector.methods.Insert]
2021-07-15 10:32:54.876 [main] WARN  c.b.mybatisplus.core.injector.AbstractMethod - [com.example.demo.bll.mapper.TaskFailureRetryLogMapper.insert] Has been loaded by XML or SqlProvider or Mybatis's Annotation, so ignoring this injection for [class com.baomidou.mybatisplus.core.injector.methods.Insert]
2021-07-15 10:36:16.010 [main] WARN  c.b.mybatisplus.core.injector.AbstractMethod - [com.example.demo.bll.mapper.TaskFailureRetryLogMapper.insert] Has been loaded by XML or SqlProvider or Mybatis's Annotation, so ignoring this injection for [class com.baomidou.mybatisplus.core.injector.methods.Insert]
2021-07-15 17:43:52.953 [main] WARN  org.springframework.boot.SpringApplication - Unable to close ApplicationContext
java.lang.IllegalStateException: Failed to introspect Class [com.github.xiaoymin.knife4j.spring.configuration.Knife4jAutoConfiguration] from ClassLoader [sun.misc.Launcher$AppClassLoader@58644d46]
	at org.springframework.util.ReflectionUtils.getDeclaredMethods(ReflectionUtils.java:507)
	at org.springframework.util.ReflectionUtils.doWithMethods(ReflectionUtils.java:404)
	at org.springframework.util.ReflectionUtils.doWithMethods(ReflectionUtils.java:389)
	at org.springframework.util.ReflectionUtils.getUniqueDeclaredMethods(ReflectionUtils.java:447)
	at org.springframework.beans.factory.support.AbstractAutowireCapableBeanFactory$$Lambda$284/918145945.apply(Unknown Source)
	at java.util.concurrent.ConcurrentHashMap.computeIfAbsent(ConcurrentHashMap.java:1660)
	at org.springframework.beans.factory.support.AbstractAutowireCapableBeanFactory.getTypeForFactoryMethod(AbstractAutowireCapableBeanFactory.java:738)
	at org.springframework.beans.factory.support.AbstractAutowireCapableBeanFactory.determineTargetType(AbstractAutowireCapableBeanFactory.java:679)
	at org.springframework.beans.factory.support.AbstractAutowireCapableBeanFactory.predictBeanType(AbstractAutowireCapableBeanFactory.java:647)
	at org.springframework.beans.factory.support.AbstractBeanFactory.isFactoryBean(AbstractBeanFactory.java:1518)
	at org.springframework.beans.factory.support.DefaultListableBeanFactory.doGetBeanNamesForType(DefaultListableBeanFactory.java:511)
	at org.springframework.beans.factory.support.DefaultListableBeanFactory.getBeanNamesForType(DefaultListableBeanFactory.java:481)
	at org.springframework.beans.factory.support.DefaultListableBeanFactory.getBeansOfType(DefaultListableBeanFactory.java:602)
	at org.springframework.beans.factory.support.DefaultListableBeanFactory.getBeansOfType(DefaultListableBeanFactory.java:594)
	at org.springframework.context.support.AbstractApplicationContext.getBeansOfType(AbstractApplicationContext.java:1226)
	at org.springframework.boot.SpringApplication.getExitCodeFromMappedException(SpringApplication.java:864)
	at org.springframework.boot.SpringApplication.getExitCodeFromException(SpringApplication.java:852)
	at org.springframework.boot.SpringApplication.handleExitCode(SpringApplication.java:839)
	at org.springframework.boot.SpringApplication.handleRunFailure(SpringApplication.java:790)
	at org.springframework.boot.SpringApplication.run(SpringApplication.java:321)
	at org.springframework.boot.SpringApplication.run(SpringApplication.java:1213)
	at org.springframework.boot.SpringApplication.run(SpringApplication.java:1202)
	at com.example.demo.DemoApplication.main(DemoApplication.java:22)
Caused by: java.lang.NoClassDefFoundError: com/github/xiaoymin/knife4j/spring/filter/SecurityBasicAuthFilter
	at java.lang.Class.getDeclaredMethods0(Native Method)
	at java.lang.Class.privateGetDeclaredMethods(Class.java:2693)
	at java.lang.Class.getDeclaredMethods(Class.java:1967)
	at org.springframework.util.ReflectionUtils.getDeclaredMethods(ReflectionUtils.java:489)
	... 22 common frames omitted
Caused by: java.lang.ClassNotFoundException: com.github.xiaoymin.knife4j.spring.filter.SecurityBasicAuthFilter
	at java.net.URLClassLoader$1.run(URLClassLoader.java:372)
	at java.net.URLClassLoader$1.run(URLClassLoader.java:361)
	at java.security.AccessController.doPrivileged(Native Method)
	at java.net.URLClassLoader.findClass(URLClassLoader.java:360)
	at java.lang.ClassLoader.loadClass(ClassLoader.java:424)
	at sun.misc.Launcher$AppClassLoader.loadClass(Launcher.java:308)
	at java.lang.ClassLoader.loadClass(ClassLoader.java:357)
	... 26 common frames omitted
2021-07-15 17:46:12.704 [main] WARN  c.b.mybatisplus.core.injector.AbstractMethod - [com.example.demo.bll.mapper.TaskFailureRetryLogMapper.insert] Has been loaded by XML or SqlProvider or Mybatis's Annotation, so ignoring this injection for [class com.baomidou.mybatisplus.core.injector.methods.Insert]
2021-07-15 17:50:23.405 [main] WARN  c.b.mybatisplus.core.injector.AbstractMethod - [com.example.demo.bll.mapper.TaskFailureRetryLogMapper.insert] Has been loaded by XML or SqlProvider or Mybatis's Annotation, so ignoring this injection for [class com.baomidou.mybatisplus.core.injector.methods.Insert]
