2021-07-22 16:28:47.750 [main] WARN  c.b.mybatisplus.core.injector.AbstractMethod - [com.example.demo.bll.mapper.TaskFailureRetryLogMapper.insert] Has been loaded by XML or SqlProvider or Mybatis's Annotation, so ignoring this injection for [class com.baomidou.mybatisplus.core.injector.methods.Insert]
2021-07-22 16:28:52.384 [main] WARN  o.s.b.w.s.c.AnnotationConfigServletWebServerApplicationContext - Exception encountered during context initialization - cancelling refresh attempt: org.springframework.beans.factory.UnsatisfiedDependencyException: Error creating bean with name 'coreRegisterService': Unsatisfied dependency expressed through field 'userSecurityService'; nested exception is org.springframework.beans.factory.UnsatisfiedDependencyException: Error creating bean with name 'coreUserSecurityService': Unsatisfied dependency expressed through field 'userSecurityDao'; nested exception is org.springframework.beans.factory.NoSuchBeanDefinitionException: No qualifying bean of type 'com.example.demo.bll.dao.UserSecurityDao' available: expected at least 1 bean which qualifies as autowire candidate. Dependency annotations: {@org.springframework.beans.factory.annotation.Autowired(required=true)}
2021-07-22 16:32:43.076 [main] WARN  c.b.mybatisplus.core.injector.AbstractMethod - [com.example.demo.bll.mapper.TaskFailureRetryLogMapper.insert] Has been loaded by XML or SqlProvider or Mybatis's Annotation, so ignoring this injection for [class com.baomidou.mybatisplus.core.injector.methods.Insert]
2021-07-22 16:32:47.007 [main] WARN  o.s.b.w.s.c.AnnotationConfigServletWebServerApplicationContext - Exception encountered during context initialization - cancelling refresh attempt: org.springframework.beans.factory.UnsatisfiedDependencyException: Error creating bean with name 'coreRegisterService': Unsatisfied dependency expressed through field 'userSecurityService'; nested exception is org.springframework.beans.factory.UnsatisfiedDependencyException: Error creating bean with name 'coreUserSecurityService': Unsatisfied dependency expressed through field 'authUserSecurityDao'; nested exception is org.springframework.beans.factory.NoSuchBeanDefinitionException: No qualifying bean of type 'com.example.demo.bll.dao.UserSecurityDao' available: expected at least 1 bean which qualifies as autowire candidate. Dependency annotations: {@org.springframework.beans.factory.annotation.Autowired(required=true)}
2021-07-22 16:42:43.355 [main] WARN  c.b.mybatisplus.core.injector.AbstractMethod - [com.example.demo.bll.mapper.TaskFailureRetryLogMapper.insert] Has been loaded by XML or SqlProvider or Mybatis's Annotation, so ignoring this injection for [class com.baomidou.mybatisplus.core.injector.methods.Insert]
2021-07-22 16:43:00.458 [quartzScheduler_Worker-2] WARN  cn.com.citycloud.hcs.common.task.Task - Could not find result map 'com.example.demo.bll.mapper.UserSecurityDao.entityResultMap' referenced from 'com.example.demo.bll.mapper.UserSecurityDao.get'
org.apache.ibatis.builder.IncompleteElementException: Could not find result map 'com.example.demo.bll.mapper.UserSecurityDao.entityResultMap' referenced from 'com.example.demo.bll.mapper.UserSecurityDao.get'
	at org.apache.ibatis.builder.MapperBuilderAssistant.getStatementResultMaps(MapperBuilderAssistant.java:341)
	at org.apache.ibatis.builder.MapperBuilderAssistant.addMappedStatement(MapperBuilderAssistant.java:285)
	at com.baomidou.mybatisplus.core.MybatisMapperAnnotationBuilder.parseStatement(MybatisMapperAnnotationBuilder.java:335)
	at com.baomidou.mybatisplus.core.MybatisMethodResolver.resolve(MybatisMethodResolver.java:42)
	at org.apache.ibatis.session.Configuration.lambda$buildAllStatements$3(Configuration.java:824)
	at org.apache.ibatis.session.Configuration$$Lambda$964/1368549527.test(Unknown Source)
	at java.util.Collection.removeIf(Collection.java:414)
	at org.apache.ibatis.session.Configuration.buildAllStatements(Configuration.java:823)
	at org.apache.ibatis.session.Configuration.hasStatement(Configuration.java:792)
	at org.apache.ibatis.session.Configuration.hasStatement(Configuration.java:787)
	at org.apache.ibatis.binding.MapperMethod$SqlCommand.resolveMappedStatement(MapperMethod.java:257)
	at org.apache.ibatis.binding.MapperMethod$SqlCommand.<init>(MapperMethod.java:227)
	at com.baomidou.mybatisplus.core.override.MybatisMapperMethod.<init>(MybatisMapperMethod.java:49)
	at com.baomidou.mybatisplus.core.override.MybatisMapperProxy.lambda$cachedMapperMethod$0(MybatisMapperProxy.java:65)
	at com.baomidou.mybatisplus.core.override.MybatisMapperProxy$$Lambda$963/611444849.apply(Unknown Source)
	at java.util.concurrent.ConcurrentHashMap.computeIfAbsent(ConcurrentHashMap.java:1660)
	at com.baomidou.mybatisplus.core.override.MybatisMapperProxy.cachedMapperMethod(MybatisMapperProxy.java:65)
	at com.baomidou.mybatisplus.core.override.MybatisMapperProxy.invoke(MybatisMapperProxy.java:60)
	at com.sun.proxy.$Proxy175.selectList(Unknown Source)
	at com.baomidou.mybatisplus.extension.service.impl.ServiceImpl.list(ServiceImpl.java:271)
	at com.example.demo.bll.service.impl.SysBizLogServiceImpl.getExpireds(SysBizLogServiceImpl.java:39)
	at com.example.demo.bll.service.impl.SysBizLogServiceImpl$$FastClassBySpringCGLIB$$b2b2f9a6.invoke(<generated>)
	at org.springframework.cglib.proxy.MethodProxy.invoke(MethodProxy.java:218)
	at org.springframework.aop.framework.CglibAopProxy$CglibMethodInvocation.invokeJoinpoint(CglibAopProxy.java:749)
	at org.springframework.aop.framework.ReflectiveMethodInvocation.proceed(ReflectiveMethodInvocation.java:163)
	at org.springframework.aop.framework.adapter.MethodBeforeAdviceInterceptor.invoke(MethodBeforeAdviceInterceptor.java:56)
	at org.springframework.aop.framework.ReflectiveMethodInvocation.proceed(ReflectiveMethodInvocation.java:175)
	at org.springframework.aop.aspectj.AspectJAfterAdvice.invoke(AspectJAfterAdvice.java:47)
	at org.springframework.aop.framework.ReflectiveMethodInvocation.proceed(ReflectiveMethodInvocation.java:175)
	at org.springframework.aop.interceptor.ExposeInvocationInterceptor.invoke(ExposeInvocationInterceptor.java:93)
	at org.springframework.aop.framework.ReflectiveMethodInvocation.proceed(ReflectiveMethodInvocation.java:186)
	at org.springframework.aop.framework.CglibAopProxy$DynamicAdvisedInterceptor.intercept(CglibAopProxy.java:688)
	at com.example.demo.bll.service.impl.SysBizLogServiceImpl$$EnhancerBySpringCGLIB$$af1f7bf7.getExpireds(<generated>)
	at cn.com.citycloud.hcs.common.task.log.expiredclean.ExpiredCleanTaskHandler.handle(ExpiredCleanTaskHandler.java:72)
	at cn.com.citycloud.hcs.common.task.Task.executeInternal(Task.java:75)
	at org.springframework.scheduling.quartz.QuartzJobBean.execute(QuartzJobBean.java:75)
	at org.quartz.core.JobRunShell.run(JobRunShell.java:202)
	at org.quartz.simpl.SimpleThreadPool$WorkerThread.run(SimpleThreadPool.java:573)
Caused by: java.lang.IllegalArgumentException: Result Maps collection does not contain value for com.example.demo.bll.mapper.UserSecurityDao.entityResultMap
	at org.apache.ibatis.session.Configuration$StrictMap.get(Configuration.java:964)
	at org.apache.ibatis.session.Configuration.getResultMap(Configuration.java:674)
	at org.apache.ibatis.builder.MapperBuilderAssistant.getStatementResultMaps(MapperBuilderAssistant.java:339)
	... 37 common frames omitted
2021-07-22 16:44:00.022 [quartzScheduler_Worker-9] WARN  cn.com.citycloud.hcs.common.task.Task - Could not find result map 'com.example.demo.bll.mapper.UserSecurityDao.entityResultMap' referenced from 'com.example.demo.bll.mapper.UserSecurityDao.get'
org.apache.ibatis.builder.IncompleteElementException: Could not find result map 'com.example.demo.bll.mapper.UserSecurityDao.entityResultMap' referenced from 'com.example.demo.bll.mapper.UserSecurityDao.get'
	at org.apache.ibatis.builder.MapperBuilderAssistant.getStatementResultMaps(MapperBuilderAssistant.java:341)
	at org.apache.ibatis.builder.MapperBuilderAssistant.addMappedStatement(MapperBuilderAssistant.java:285)
	at com.baomidou.mybatisplus.core.MybatisMapperAnnotationBuilder.parseStatement(MybatisMapperAnnotationBuilder.java:335)
	at com.baomidou.mybatisplus.core.MybatisMethodResolver.resolve(MybatisMethodResolver.java:42)
	at org.apache.ibatis.session.Configuration.lambda$buildAllStatements$3(Configuration.java:824)
	at org.apache.ibatis.session.Configuration$$Lambda$964/1368549527.test(Unknown Source)
	at java.util.Collection.removeIf(Collection.java:414)
	at org.apache.ibatis.session.Configuration.buildAllStatements(Configuration.java:823)
	at org.apache.ibatis.session.Configuration.hasStatement(Configuration.java:792)
	at org.apache.ibatis.session.Configuration.hasStatement(Configuration.java:787)
	at org.apache.ibatis.binding.MapperMethod$SqlCommand.resolveMappedStatement(MapperMethod.java:257)
	at org.apache.ibatis.binding.MapperMethod$SqlCommand.<init>(MapperMethod.java:227)
	at com.baomidou.mybatisplus.core.override.MybatisMapperMethod.<init>(MybatisMapperMethod.java:49)
	at com.baomidou.mybatisplus.core.override.MybatisMapperProxy.lambda$cachedMapperMethod$0(MybatisMapperProxy.java:65)
	at com.baomidou.mybatisplus.core.override.MybatisMapperProxy$$Lambda$963/611444849.apply(Unknown Source)
	at java.util.concurrent.ConcurrentHashMap.computeIfAbsent(ConcurrentHashMap.java:1660)
	at com.baomidou.mybatisplus.core.override.MybatisMapperProxy.cachedMapperMethod(MybatisMapperProxy.java:65)
	at com.baomidou.mybatisplus.core.override.MybatisMapperProxy.invoke(MybatisMapperProxy.java:60)
	at com.sun.proxy.$Proxy175.selectList(Unknown Source)
	at com.baomidou.mybatisplus.extension.service.impl.ServiceImpl.list(ServiceImpl.java:271)
	at com.example.demo.bll.service.impl.SysBizLogServiceImpl.getExpireds(SysBizLogServiceImpl.java:39)
	at com.example.demo.bll.service.impl.SysBizLogServiceImpl$$FastClassBySpringCGLIB$$b2b2f9a6.invoke(<generated>)
	at org.springframework.cglib.proxy.MethodProxy.invoke(MethodProxy.java:218)
	at org.springframework.aop.framework.CglibAopProxy$CglibMethodInvocation.invokeJoinpoint(CglibAopProxy.java:749)
	at org.springframework.aop.framework.ReflectiveMethodInvocation.proceed(ReflectiveMethodInvocation.java:163)
	at org.springframework.aop.framework.adapter.MethodBeforeAdviceInterceptor.invoke(MethodBeforeAdviceInterceptor.java:56)
	at org.springframework.aop.framework.ReflectiveMethodInvocation.proceed(ReflectiveMethodInvocation.java:175)
	at org.springframework.aop.aspectj.AspectJAfterAdvice.invoke(AspectJAfterAdvice.java:47)
	at org.springframework.aop.framework.ReflectiveMethodInvocation.proceed(ReflectiveMethodInvocation.java:175)
	at org.springframework.aop.interceptor.ExposeInvocationInterceptor.invoke(ExposeInvocationInterceptor.java:93)
	at org.springframework.aop.framework.ReflectiveMethodInvocation.proceed(ReflectiveMethodInvocation.java:186)
	at org.springframework.aop.framework.CglibAopProxy$DynamicAdvisedInterceptor.intercept(CglibAopProxy.java:688)
	at com.example.demo.bll.service.impl.SysBizLogServiceImpl$$EnhancerBySpringCGLIB$$af1f7bf7.getExpireds(<generated>)
	at cn.com.citycloud.hcs.common.task.log.expiredclean.ExpiredCleanTaskHandler.handle(ExpiredCleanTaskHandler.java:72)
	at cn.com.citycloud.hcs.common.task.Task.executeInternal(Task.java:75)
	at org.springframework.scheduling.quartz.QuartzJobBean.execute(QuartzJobBean.java:75)
	at org.quartz.core.JobRunShell.run(JobRunShell.java:202)
	at org.quartz.simpl.SimpleThreadPool$WorkerThread.run(SimpleThreadPool.java:573)
Caused by: java.lang.IllegalArgumentException: Result Maps collection does not contain value for com.example.demo.bll.mapper.UserSecurityDao.entityResultMap
	at org.apache.ibatis.session.Configuration$StrictMap.get(Configuration.java:964)
	at org.apache.ibatis.session.Configuration.getResultMap(Configuration.java:674)
	at org.apache.ibatis.builder.MapperBuilderAssistant.getStatementResultMaps(MapperBuilderAssistant.java:339)
	... 37 common frames omitted
2021-07-22 16:45:00.025 [quartzScheduler_Worker-6] WARN  cn.com.citycloud.hcs.common.task.Task - Could not find result map 'com.example.demo.bll.mapper.UserSecurityDao.entityResultMap' referenced from 'com.example.demo.bll.mapper.UserSecurityDao.get'
org.apache.ibatis.builder.IncompleteElementException: Could not find result map 'com.example.demo.bll.mapper.UserSecurityDao.entityResultMap' referenced from 'com.example.demo.bll.mapper.UserSecurityDao.get'
	at org.apache.ibatis.builder.MapperBuilderAssistant.getStatementResultMaps(MapperBuilderAssistant.java:341)
	at org.apache.ibatis.builder.MapperBuilderAssistant.addMappedStatement(MapperBuilderAssistant.java:285)
	at com.baomidou.mybatisplus.core.MybatisMapperAnnotationBuilder.parseStatement(MybatisMapperAnnotationBuilder.java:335)
	at com.baomidou.mybatisplus.core.MybatisMethodResolver.resolve(MybatisMethodResolver.java:42)
	at org.apache.ibatis.session.Configuration.lambda$buildAllStatements$3(Configuration.java:824)
	at org.apache.ibatis.session.Configuration$$Lambda$964/1368549527.test(Unknown Source)
	at java.util.Collection.removeIf(Collection.java:414)
	at org.apache.ibatis.session.Configuration.buildAllStatements(Configuration.java:823)
	at org.apache.ibatis.session.Configuration.hasStatement(Configuration.java:792)
	at org.apache.ibatis.session.Configuration.hasStatement(Configuration.java:787)
	at org.apache.ibatis.binding.MapperMethod$SqlCommand.resolveMappedStatement(MapperMethod.java:257)
	at org.apache.ibatis.binding.MapperMethod$SqlCommand.<init>(MapperMethod.java:227)
	at com.baomidou.mybatisplus.core.override.MybatisMapperMethod.<init>(MybatisMapperMethod.java:49)
	at com.baomidou.mybatisplus.core.override.MybatisMapperProxy.lambda$cachedMapperMethod$0(MybatisMapperProxy.java:65)
	at com.baomidou.mybatisplus.core.override.MybatisMapperProxy$$Lambda$963/611444849.apply(Unknown Source)
	at java.util.concurrent.ConcurrentHashMap.computeIfAbsent(ConcurrentHashMap.java:1660)
	at com.baomidou.mybatisplus.core.override.MybatisMapperProxy.cachedMapperMethod(MybatisMapperProxy.java:65)
	at com.baomidou.mybatisplus.core.override.MybatisMapperProxy.invoke(MybatisMapperProxy.java:60)
	at com.sun.proxy.$Proxy175.selectList(Unknown Source)
	at com.baomidou.mybatisplus.extension.service.impl.ServiceImpl.list(ServiceImpl.java:271)
	at com.example.demo.bll.service.impl.SysBizLogServiceImpl.getExpireds(SysBizLogServiceImpl.java:39)
	at com.example.demo.bll.service.impl.SysBizLogServiceImpl$$FastClassBySpringCGLIB$$b2b2f9a6.invoke(<generated>)
	at org.springframework.cglib.proxy.MethodProxy.invoke(MethodProxy.java:218)
	at org.springframework.aop.framework.CglibAopProxy$CglibMethodInvocation.invokeJoinpoint(CglibAopProxy.java:749)
	at org.springframework.aop.framework.ReflectiveMethodInvocation.proceed(ReflectiveMethodInvocation.java:163)
	at org.springframework.aop.framework.adapter.MethodBeforeAdviceInterceptor.invoke(MethodBeforeAdviceInterceptor.java:56)
	at org.springframework.aop.framework.ReflectiveMethodInvocation.proceed(ReflectiveMethodInvocation.java:175)
	at org.springframework.aop.aspectj.AspectJAfterAdvice.invoke(AspectJAfterAdvice.java:47)
	at org.springframework.aop.framework.ReflectiveMethodInvocation.proceed(ReflectiveMethodInvocation.java:175)
	at org.springframework.aop.interceptor.ExposeInvocationInterceptor.invoke(ExposeInvocationInterceptor.java:93)
	at org.springframework.aop.framework.ReflectiveMethodInvocation.proceed(ReflectiveMethodInvocation.java:186)
	at org.springframework.aop.framework.CglibAopProxy$DynamicAdvisedInterceptor.intercept(CglibAopProxy.java:688)
	at com.example.demo.bll.service.impl.SysBizLogServiceImpl$$EnhancerBySpringCGLIB$$af1f7bf7.getExpireds(<generated>)
	at cn.com.citycloud.hcs.common.task.log.expiredclean.ExpiredCleanTaskHandler.handle(ExpiredCleanTaskHandler.java:72)
	at cn.com.citycloud.hcs.common.task.Task.executeInternal(Task.java:75)
	at org.springframework.scheduling.quartz.QuartzJobBean.execute(QuartzJobBean.java:75)
	at org.quartz.core.JobRunShell.run(JobRunShell.java:202)
	at org.quartz.simpl.SimpleThreadPool$WorkerThread.run(SimpleThreadPool.java:573)
Caused by: java.lang.IllegalArgumentException: Result Maps collection does not contain value for com.example.demo.bll.mapper.UserSecurityDao.entityResultMap
	at org.apache.ibatis.session.Configuration$StrictMap.get(Configuration.java:964)
	at org.apache.ibatis.session.Configuration.getResultMap(Configuration.java:674)
	at org.apache.ibatis.builder.MapperBuilderAssistant.getStatementResultMaps(MapperBuilderAssistant.java:339)
	... 37 common frames omitted
2021-07-22 16:46:00.039 [quartzScheduler_Worker-3] WARN  cn.com.citycloud.hcs.common.task.Task - Could not find result map 'com.example.demo.bll.mapper.UserSecurityDao.entityResultMap' referenced from 'com.example.demo.bll.mapper.UserSecurityDao.get'
org.apache.ibatis.builder.IncompleteElementException: Could not find result map 'com.example.demo.bll.mapper.UserSecurityDao.entityResultMap' referenced from 'com.example.demo.bll.mapper.UserSecurityDao.get'
	at org.apache.ibatis.builder.MapperBuilderAssistant.getStatementResultMaps(MapperBuilderAssistant.java:341)
	at org.apache.ibatis.builder.MapperBuilderAssistant.addMappedStatement(MapperBuilderAssistant.java:285)
	at com.baomidou.mybatisplus.core.MybatisMapperAnnotationBuilder.parseStatement(MybatisMapperAnnotationBuilder.java:335)
	at com.baomidou.mybatisplus.core.MybatisMethodResolver.resolve(MybatisMethodResolver.java:42)
	at org.apache.ibatis.session.Configuration.lambda$buildAllStatements$3(Configuration.java:824)
	at org.apache.ibatis.session.Configuration$$Lambda$964/1368549527.test(Unknown Source)
	at java.util.Collection.removeIf(Collection.java:414)
	at org.apache.ibatis.session.Configuration.buildAllStatements(Configuration.java:823)
	at org.apache.ibatis.session.Configuration.hasStatement(Configuration.java:792)
	at org.apache.ibatis.session.Configuration.hasStatement(Configuration.java:787)
	at org.apache.ibatis.binding.MapperMethod$SqlCommand.resolveMappedStatement(MapperMethod.java:257)
	at org.apache.ibatis.binding.MapperMethod$SqlCommand.<init>(MapperMethod.java:227)
	at com.baomidou.mybatisplus.core.override.MybatisMapperMethod.<init>(MybatisMapperMethod.java:49)
	at com.baomidou.mybatisplus.core.override.MybatisMapperProxy.lambda$cachedMapperMethod$0(MybatisMapperProxy.java:65)
	at com.baomidou.mybatisplus.core.override.MybatisMapperProxy$$Lambda$963/611444849.apply(Unknown Source)
	at java.util.concurrent.ConcurrentHashMap.computeIfAbsent(ConcurrentHashMap.java:1660)
	at com.baomidou.mybatisplus.core.override.MybatisMapperProxy.cachedMapperMethod(MybatisMapperProxy.java:65)
	at com.baomidou.mybatisplus.core.override.MybatisMapperProxy.invoke(MybatisMapperProxy.java:60)
	at com.sun.proxy.$Proxy175.selectList(Unknown Source)
	at com.baomidou.mybatisplus.extension.service.impl.ServiceImpl.list(ServiceImpl.java:271)
	at com.example.demo.bll.service.impl.SysBizLogServiceImpl.getExpireds(SysBizLogServiceImpl.java:39)
	at com.example.demo.bll.service.impl.SysBizLogServiceImpl$$FastClassBySpringCGLIB$$b2b2f9a6.invoke(<generated>)
	at org.springframework.cglib.proxy.MethodProxy.invoke(MethodProxy.java:218)
	at org.springframework.aop.framework.CglibAopProxy$CglibMethodInvocation.invokeJoinpoint(CglibAopProxy.java:749)
	at org.springframework.aop.framework.ReflectiveMethodInvocation.proceed(ReflectiveMethodInvocation.java:163)
	at org.springframework.aop.framework.adapter.MethodBeforeAdviceInterceptor.invoke(MethodBeforeAdviceInterceptor.java:56)
	at org.springframework.aop.framework.ReflectiveMethodInvocation.proceed(ReflectiveMethodInvocation.java:175)
	at org.springframework.aop.aspectj.AspectJAfterAdvice.invoke(AspectJAfterAdvice.java:47)
	at org.springframework.aop.framework.ReflectiveMethodInvocation.proceed(ReflectiveMethodInvocation.java:175)
	at org.springframework.aop.interceptor.ExposeInvocationInterceptor.invoke(ExposeInvocationInterceptor.java:93)
	at org.springframework.aop.framework.ReflectiveMethodInvocation.proceed(ReflectiveMethodInvocation.java:186)
	at org.springframework.aop.framework.CglibAopProxy$DynamicAdvisedInterceptor.intercept(CglibAopProxy.java:688)
	at com.example.demo.bll.service.impl.SysBizLogServiceImpl$$EnhancerBySpringCGLIB$$af1f7bf7.getExpireds(<generated>)
	at cn.com.citycloud.hcs.common.task.log.expiredclean.ExpiredCleanTaskHandler.handle(ExpiredCleanTaskHandler.java:72)
	at cn.com.citycloud.hcs.common.task.Task.executeInternal(Task.java:75)
	at org.springframework.scheduling.quartz.QuartzJobBean.execute(QuartzJobBean.java:75)
	at org.quartz.core.JobRunShell.run(JobRunShell.java:202)
	at org.quartz.simpl.SimpleThreadPool$WorkerThread.run(SimpleThreadPool.java:573)
Caused by: java.lang.IllegalArgumentException: Result Maps collection does not contain value for com.example.demo.bll.mapper.UserSecurityDao.entityResultMap
	at org.apache.ibatis.session.Configuration$StrictMap.get(Configuration.java:964)
	at org.apache.ibatis.session.Configuration.getResultMap(Configuration.java:674)
	at org.apache.ibatis.builder.MapperBuilderAssistant.getStatementResultMaps(MapperBuilderAssistant.java:339)
	... 37 common frames omitted
2021-07-22 16:47:00.377 [quartzScheduler_Worker-10] WARN  cn.com.citycloud.hcs.common.task.Task - Could not find result map 'com.example.demo.bll.mapper.UserSecurityDao.entityResultMap' referenced from 'com.example.demo.bll.mapper.UserSecurityDao.get'
org.apache.ibatis.builder.IncompleteElementException: Could not find result map 'com.example.demo.bll.mapper.UserSecurityDao.entityResultMap' referenced from 'com.example.demo.bll.mapper.UserSecurityDao.get'
	at org.apache.ibatis.builder.MapperBuilderAssistant.getStatementResultMaps(MapperBuilderAssistant.java:341)
	at org.apache.ibatis.builder.MapperBuilderAssistant.addMappedStatement(MapperBuilderAssistant.java:285)
	at com.baomidou.mybatisplus.core.MybatisMapperAnnotationBuilder.parseStatement(MybatisMapperAnnotationBuilder.java:335)
	at com.baomidou.mybatisplus.core.MybatisMethodResolver.resolve(MybatisMethodResolver.java:42)
	at org.apache.ibatis.session.Configuration.lambda$buildAllStatements$3(Configuration.java:824)
	at org.apache.ibatis.session.Configuration$$Lambda$964/1368549527.test(Unknown Source)
	at java.util.Collection.removeIf(Collection.java:414)
	at org.apache.ibatis.session.Configuration.buildAllStatements(Configuration.java:823)
	at org.apache.ibatis.session.Configuration.hasStatement(Configuration.java:792)
	at org.apache.ibatis.session.Configuration.hasStatement(Configuration.java:787)
	at org.apache.ibatis.binding.MapperMethod$SqlCommand.resolveMappedStatement(MapperMethod.java:257)
	at org.apache.ibatis.binding.MapperMethod$SqlCommand.<init>(MapperMethod.java:227)
	at com.baomidou.mybatisplus.core.override.MybatisMapperMethod.<init>(MybatisMapperMethod.java:49)
	at com.baomidou.mybatisplus.core.override.MybatisMapperProxy.lambda$cachedMapperMethod$0(MybatisMapperProxy.java:65)
	at com.baomidou.mybatisplus.core.override.MybatisMapperProxy$$Lambda$963/611444849.apply(Unknown Source)
	at java.util.concurrent.ConcurrentHashMap.computeIfAbsent(ConcurrentHashMap.java:1660)
	at com.baomidou.mybatisplus.core.override.MybatisMapperProxy.cachedMapperMethod(MybatisMapperProxy.java:65)
	at com.baomidou.mybatisplus.core.override.MybatisMapperProxy.invoke(MybatisMapperProxy.java:60)
	at com.sun.proxy.$Proxy175.selectList(Unknown Source)
	at com.baomidou.mybatisplus.extension.service.impl.ServiceImpl.list(ServiceImpl.java:271)
	at com.example.demo.bll.service.impl.SysBizLogServiceImpl.getExpireds(SysBizLogServiceImpl.java:39)
	at com.example.demo.bll.service.impl.SysBizLogServiceImpl$$FastClassBySpringCGLIB$$b2b2f9a6.invoke(<generated>)
	at org.springframework.cglib.proxy.MethodProxy.invoke(MethodProxy.java:218)
	at org.springframework.aop.framework.CglibAopProxy$CglibMethodInvocation.invokeJoinpoint(CglibAopProxy.java:749)
	at org.springframework.aop.framework.ReflectiveMethodInvocation.proceed(ReflectiveMethodInvocation.java:163)
	at org.springframework.aop.framework.adapter.MethodBeforeAdviceInterceptor.invoke(MethodBeforeAdviceInterceptor.java:56)
	at org.springframework.aop.framework.ReflectiveMethodInvocation.proceed(ReflectiveMethodInvocation.java:175)
	at org.springframework.aop.aspectj.AspectJAfterAdvice.invoke(AspectJAfterAdvice.java:47)
	at org.springframework.aop.framework.ReflectiveMethodInvocation.proceed(ReflectiveMethodInvocation.java:175)
	at org.springframework.aop.interceptor.ExposeInvocationInterceptor.invoke(ExposeInvocationInterceptor.java:93)
	at org.springframework.aop.framework.ReflectiveMethodInvocation.proceed(ReflectiveMethodInvocation.java:186)
	at org.springframework.aop.framework.CglibAopProxy$DynamicAdvisedInterceptor.intercept(CglibAopProxy.java:688)
	at com.example.demo.bll.service.impl.SysBizLogServiceImpl$$EnhancerBySpringCGLIB$$af1f7bf7.getExpireds(<generated>)
	at cn.com.citycloud.hcs.common.task.log.expiredclean.ExpiredCleanTaskHandler.handle(ExpiredCleanTaskHandler.java:72)
	at cn.com.citycloud.hcs.common.task.Task.executeInternal(Task.java:75)
	at org.springframework.scheduling.quartz.QuartzJobBean.execute(QuartzJobBean.java:75)
	at org.quartz.core.JobRunShell.run(JobRunShell.java:202)
	at org.quartz.simpl.SimpleThreadPool$WorkerThread.run(SimpleThreadPool.java:573)
Caused by: java.lang.IllegalArgumentException: Result Maps collection does not contain value for com.example.demo.bll.mapper.UserSecurityDao.entityResultMap
	at org.apache.ibatis.session.Configuration$StrictMap.get(Configuration.java:964)
	at org.apache.ibatis.session.Configuration.getResultMap(Configuration.java:674)
	at org.apache.ibatis.builder.MapperBuilderAssistant.getStatementResultMaps(MapperBuilderAssistant.java:339)
	... 37 common frames omitted
2021-07-22 16:48:00.007 [quartzScheduler_Worker-7] WARN  cn.com.citycloud.hcs.common.task.Task - Could not find result map 'com.example.demo.bll.mapper.UserSecurityDao.entityResultMap' referenced from 'com.example.demo.bll.mapper.UserSecurityDao.get'
org.apache.ibatis.builder.IncompleteElementException: Could not find result map 'com.example.demo.bll.mapper.UserSecurityDao.entityResultMap' referenced from 'com.example.demo.bll.mapper.UserSecurityDao.get'
	at org.apache.ibatis.builder.MapperBuilderAssistant.getStatementResultMaps(MapperBuilderAssistant.java:341)
	at org.apache.ibatis.builder.MapperBuilderAssistant.addMappedStatement(MapperBuilderAssistant.java:285)
	at com.baomidou.mybatisplus.core.MybatisMapperAnnotationBuilder.parseStatement(MybatisMapperAnnotationBuilder.java:335)
	at com.baomidou.mybatisplus.core.MybatisMethodResolver.resolve(MybatisMethodResolver.java:42)
	at org.apache.ibatis.session.Configuration.lambda$buildAllStatements$3(Configuration.java:824)
	at org.apache.ibatis.session.Configuration$$Lambda$964/1368549527.test(Unknown Source)
	at java.util.Collection.removeIf(Collection.java:414)
	at org.apache.ibatis.session.Configuration.buildAllStatements(Configuration.java:823)
	at org.apache.ibatis.session.Configuration.hasStatement(Configuration.java:792)
	at org.apache.ibatis.session.Configuration.hasStatement(Configuration.java:787)
	at org.apache.ibatis.binding.MapperMethod$SqlCommand.resolveMappedStatement(MapperMethod.java:257)
	at org.apache.ibatis.binding.MapperMethod$SqlCommand.<init>(MapperMethod.java:227)
	at com.baomidou.mybatisplus.core.override.MybatisMapperMethod.<init>(MybatisMapperMethod.java:49)
	at com.baomidou.mybatisplus.core.override.MybatisMapperProxy.lambda$cachedMapperMethod$0(MybatisMapperProxy.java:65)
	at com.baomidou.mybatisplus.core.override.MybatisMapperProxy$$Lambda$963/611444849.apply(Unknown Source)
	at java.util.concurrent.ConcurrentHashMap.computeIfAbsent(ConcurrentHashMap.java:1660)
	at com.baomidou.mybatisplus.core.override.MybatisMapperProxy.cachedMapperMethod(MybatisMapperProxy.java:65)
	at com.baomidou.mybatisplus.core.override.MybatisMapperProxy.invoke(MybatisMapperProxy.java:60)
	at com.sun.proxy.$Proxy175.selectList(Unknown Source)
	at com.baomidou.mybatisplus.extension.service.impl.ServiceImpl.list(ServiceImpl.java:271)
	at com.example.demo.bll.service.impl.SysBizLogServiceImpl.getExpireds(SysBizLogServiceImpl.java:39)
	at com.example.demo.bll.service.impl.SysBizLogServiceImpl$$FastClassBySpringCGLIB$$b2b2f9a6.invoke(<generated>)
	at org.springframework.cglib.proxy.MethodProxy.invoke(MethodProxy.java:218)
	at org.springframework.aop.framework.CglibAopProxy$CglibMethodInvocation.invokeJoinpoint(CglibAopProxy.java:749)
	at org.springframework.aop.framework.ReflectiveMethodInvocation.proceed(ReflectiveMethodInvocation.java:163)
	at org.springframework.aop.framework.adapter.MethodBeforeAdviceInterceptor.invoke(MethodBeforeAdviceInterceptor.java:56)
	at org.springframework.aop.framework.ReflectiveMethodInvocation.proceed(ReflectiveMethodInvocation.java:175)
	at org.springframework.aop.aspectj.AspectJAfterAdvice.invoke(AspectJAfterAdvice.java:47)
	at org.springframework.aop.framework.ReflectiveMethodInvocation.proceed(ReflectiveMethodInvocation.java:175)
	at org.springframework.aop.interceptor.ExposeInvocationInterceptor.invoke(ExposeInvocationInterceptor.java:93)
	at org.springframework.aop.framework.ReflectiveMethodInvocation.proceed(ReflectiveMethodInvocation.java:186)
	at org.springframework.aop.framework.CglibAopProxy$DynamicAdvisedInterceptor.intercept(CglibAopProxy.java:688)
	at com.example.demo.bll.service.impl.SysBizLogServiceImpl$$EnhancerBySpringCGLIB$$af1f7bf7.getExpireds(<generated>)
	at cn.com.citycloud.hcs.common.task.log.expiredclean.ExpiredCleanTaskHandler.handle(ExpiredCleanTaskHandler.java:72)
	at cn.com.citycloud.hcs.common.task.Task.executeInternal(Task.java:75)
	at org.springframework.scheduling.quartz.QuartzJobBean.execute(QuartzJobBean.java:75)
	at org.quartz.core.JobRunShell.run(JobRunShell.java:202)
	at org.quartz.simpl.SimpleThreadPool$WorkerThread.run(SimpleThreadPool.java:573)
Caused by: java.lang.IllegalArgumentException: Result Maps collection does not contain value for com.example.demo.bll.mapper.UserSecurityDao.entityResultMap
	at org.apache.ibatis.session.Configuration$StrictMap.get(Configuration.java:964)
	at org.apache.ibatis.session.Configuration.getResultMap(Configuration.java:674)
	at org.apache.ibatis.builder.MapperBuilderAssistant.getStatementResultMaps(MapperBuilderAssistant.java:339)
	... 37 common frames omitted
2021-07-22 16:49:00.024 [quartzScheduler_Worker-4] WARN  cn.com.citycloud.hcs.common.task.Task - Could not find result map 'com.example.demo.bll.mapper.UserSecurityDao.entityResultMap' referenced from 'com.example.demo.bll.mapper.UserSecurityDao.get'
org.apache.ibatis.builder.IncompleteElementException: Could not find result map 'com.example.demo.bll.mapper.UserSecurityDao.entityResultMap' referenced from 'com.example.demo.bll.mapper.UserSecurityDao.get'
	at org.apache.ibatis.builder.MapperBuilderAssistant.getStatementResultMaps(MapperBuilderAssistant.java:341)
	at org.apache.ibatis.builder.MapperBuilderAssistant.addMappedStatement(MapperBuilderAssistant.java:285)
	at com.baomidou.mybatisplus.core.MybatisMapperAnnotationBuilder.parseStatement(MybatisMapperAnnotationBuilder.java:335)
	at com.baomidou.mybatisplus.core.MybatisMethodResolver.resolve(MybatisMethodResolver.java:42)
	at org.apache.ibatis.session.Configuration.lambda$buildAllStatements$3(Configuration.java:824)
	at org.apache.ibatis.session.Configuration$$Lambda$964/1368549527.test(Unknown Source)
	at java.util.Collection.removeIf(Collection.java:414)
	at org.apache.ibatis.session.Configuration.buildAllStatements(Configuration.java:823)
	at org.apache.ibatis.session.Configuration.hasStatement(Configuration.java:792)
	at org.apache.ibatis.session.Configuration.hasStatement(Configuration.java:787)
	at org.apache.ibatis.binding.MapperMethod$SqlCommand.resolveMappedStatement(MapperMethod.java:257)
	at org.apache.ibatis.binding.MapperMethod$SqlCommand.<init>(MapperMethod.java:227)
	at com.baomidou.mybatisplus.core.override.MybatisMapperMethod.<init>(MybatisMapperMethod.java:49)
	at com.baomidou.mybatisplus.core.override.MybatisMapperProxy.lambda$cachedMapperMethod$0(MybatisMapperProxy.java:65)
	at com.baomidou.mybatisplus.core.override.MybatisMapperProxy$$Lambda$963/611444849.apply(Unknown Source)
	at java.util.concurrent.ConcurrentHashMap.computeIfAbsent(ConcurrentHashMap.java:1660)
	at com.baomidou.mybatisplus.core.override.MybatisMapperProxy.cachedMapperMethod(MybatisMapperProxy.java:65)
	at com.baomidou.mybatisplus.core.override.MybatisMapperProxy.invoke(MybatisMapperProxy.java:60)
	at com.sun.proxy.$Proxy175.selectList(Unknown Source)
	at com.baomidou.mybatisplus.extension.service.impl.ServiceImpl.list(ServiceImpl.java:271)
	at com.example.demo.bll.service.impl.SysBizLogServiceImpl.getExpireds(SysBizLogServiceImpl.java:39)
	at com.example.demo.bll.service.impl.SysBizLogServiceImpl$$FastClassBySpringCGLIB$$b2b2f9a6.invoke(<generated>)
	at org.springframework.cglib.proxy.MethodProxy.invoke(MethodProxy.java:218)
	at org.springframework.aop.framework.CglibAopProxy$CglibMethodInvocation.invokeJoinpoint(CglibAopProxy.java:749)
	at org.springframework.aop.framework.ReflectiveMethodInvocation.proceed(ReflectiveMethodInvocation.java:163)
	at org.springframework.aop.framework.adapter.MethodBeforeAdviceInterceptor.invoke(MethodBeforeAdviceInterceptor.java:56)
	at org.springframework.aop.framework.ReflectiveMethodInvocation.proceed(ReflectiveMethodInvocation.java:175)
	at org.springframework.aop.aspectj.AspectJAfterAdvice.invoke(AspectJAfterAdvice.java:47)
	at org.springframework.aop.framework.ReflectiveMethodInvocation.proceed(ReflectiveMethodInvocation.java:175)
	at org.springframework.aop.interceptor.ExposeInvocationInterceptor.invoke(ExposeInvocationInterceptor.java:93)
	at org.springframework.aop.framework.ReflectiveMethodInvocation.proceed(ReflectiveMethodInvocation.java:186)
	at org.springframework.aop.framework.CglibAopProxy$DynamicAdvisedInterceptor.intercept(CglibAopProxy.java:688)
	at com.example.demo.bll.service.impl.SysBizLogServiceImpl$$EnhancerBySpringCGLIB$$af1f7bf7.getExpireds(<generated>)
	at cn.com.citycloud.hcs.common.task.log.expiredclean.ExpiredCleanTaskHandler.handle(ExpiredCleanTaskHandler.java:72)
	at cn.com.citycloud.hcs.common.task.Task.executeInternal(Task.java:75)
	at org.springframework.scheduling.quartz.QuartzJobBean.execute(QuartzJobBean.java:75)
	at org.quartz.core.JobRunShell.run(JobRunShell.java:202)
	at org.quartz.simpl.SimpleThreadPool$WorkerThread.run(SimpleThreadPool.java:573)
Caused by: java.lang.IllegalArgumentException: Result Maps collection does not contain value for com.example.demo.bll.mapper.UserSecurityDao.entityResultMap
	at org.apache.ibatis.session.Configuration$StrictMap.get(Configuration.java:964)
	at org.apache.ibatis.session.Configuration.getResultMap(Configuration.java:674)
	at org.apache.ibatis.builder.MapperBuilderAssistant.getStatementResultMaps(MapperBuilderAssistant.java:339)
	... 37 common frames omitted
2021-07-22 16:50:00.008 [quartzScheduler_Worker-1] WARN  cn.com.citycloud.hcs.common.task.Task - Could not find result map 'com.example.demo.bll.mapper.UserSecurityDao.entityResultMap' referenced from 'com.example.demo.bll.mapper.UserSecurityDao.get'
org.apache.ibatis.builder.IncompleteElementException: Could not find result map 'com.example.demo.bll.mapper.UserSecurityDao.entityResultMap' referenced from 'com.example.demo.bll.mapper.UserSecurityDao.get'
	at org.apache.ibatis.builder.MapperBuilderAssistant.getStatementResultMaps(MapperBuilderAssistant.java:341)
	at org.apache.ibatis.builder.MapperBuilderAssistant.addMappedStatement(MapperBuilderAssistant.java:285)
	at com.baomidou.mybatisplus.core.MybatisMapperAnnotationBuilder.parseStatement(MybatisMapperAnnotationBuilder.java:335)
	at com.baomidou.mybatisplus.core.MybatisMethodResolver.resolve(MybatisMethodResolver.java:42)
	at org.apache.ibatis.session.Configuration.lambda$buildAllStatements$3(Configuration.java:824)
	at org.apache.ibatis.session.Configuration$$Lambda$964/1368549527.test(Unknown Source)
	at java.util.Collection.removeIf(Collection.java:414)
	at org.apache.ibatis.session.Configuration.buildAllStatements(Configuration.java:823)
	at org.apache.ibatis.session.Configuration.hasStatement(Configuration.java:792)
	at org.apache.ibatis.session.Configuration.hasStatement(Configuration.java:787)
	at org.apache.ibatis.binding.MapperMethod$SqlCommand.resolveMappedStatement(MapperMethod.java:257)
	at org.apache.ibatis.binding.MapperMethod$SqlCommand.<init>(MapperMethod.java:227)
	at com.baomidou.mybatisplus.core.override.MybatisMapperMethod.<init>(MybatisMapperMethod.java:49)
	at com.baomidou.mybatisplus.core.override.MybatisMapperProxy.lambda$cachedMapperMethod$0(MybatisMapperProxy.java:65)
	at com.baomidou.mybatisplus.core.override.MybatisMapperProxy$$Lambda$963/611444849.apply(Unknown Source)
	at java.util.concurrent.ConcurrentHashMap.computeIfAbsent(ConcurrentHashMap.java:1660)
	at com.baomidou.mybatisplus.core.override.MybatisMapperProxy.cachedMapperMethod(MybatisMapperProxy.java:65)
	at com.baomidou.mybatisplus.core.override.MybatisMapperProxy.invoke(MybatisMapperProxy.java:60)
	at com.sun.proxy.$Proxy175.selectList(Unknown Source)
	at com.baomidou.mybatisplus.extension.service.impl.ServiceImpl.list(ServiceImpl.java:271)
	at com.example.demo.bll.service.impl.SysBizLogServiceImpl.getExpireds(SysBizLogServiceImpl.java:39)
	at com.example.demo.bll.service.impl.SysBizLogServiceImpl$$FastClassBySpringCGLIB$$b2b2f9a6.invoke(<generated>)
	at org.springframework.cglib.proxy.MethodProxy.invoke(MethodProxy.java:218)
	at org.springframework.aop.framework.CglibAopProxy$CglibMethodInvocation.invokeJoinpoint(CglibAopProxy.java:749)
	at org.springframework.aop.framework.ReflectiveMethodInvocation.proceed(ReflectiveMethodInvocation.java:163)
	at org.springframework.aop.framework.adapter.MethodBeforeAdviceInterceptor.invoke(MethodBeforeAdviceInterceptor.java:56)
	at org.springframework.aop.framework.ReflectiveMethodInvocation.proceed(ReflectiveMethodInvocation.java:175)
	at org.springframework.aop.aspectj.AspectJAfterAdvice.invoke(AspectJAfterAdvice.java:47)
	at org.springframework.aop.framework.ReflectiveMethodInvocation.proceed(ReflectiveMethodInvocation.java:175)
	at org.springframework.aop.interceptor.ExposeInvocationInterceptor.invoke(ExposeInvocationInterceptor.java:93)
	at org.springframework.aop.framework.ReflectiveMethodInvocation.proceed(ReflectiveMethodInvocation.java:186)
	at org.springframework.aop.framework.CglibAopProxy$DynamicAdvisedInterceptor.intercept(CglibAopProxy.java:688)
	at com.example.demo.bll.service.impl.SysBizLogServiceImpl$$EnhancerBySpringCGLIB$$af1f7bf7.getExpireds(<generated>)
	at cn.com.citycloud.hcs.common.task.log.expiredclean.ExpiredCleanTaskHandler.handle(ExpiredCleanTaskHandler.java:72)
	at cn.com.citycloud.hcs.common.task.Task.executeInternal(Task.java:75)
	at org.springframework.scheduling.quartz.QuartzJobBean.execute(QuartzJobBean.java:75)
	at org.quartz.core.JobRunShell.run(JobRunShell.java:202)
	at org.quartz.simpl.SimpleThreadPool$WorkerThread.run(SimpleThreadPool.java:573)
Caused by: java.lang.IllegalArgumentException: Result Maps collection does not contain value for com.example.demo.bll.mapper.UserSecurityDao.entityResultMap
	at org.apache.ibatis.session.Configuration$StrictMap.get(Configuration.java:964)
	at org.apache.ibatis.session.Configuration.getResultMap(Configuration.java:674)
	at org.apache.ibatis.builder.MapperBuilderAssistant.getStatementResultMaps(MapperBuilderAssistant.java:339)
	... 37 common frames omitted
2021-07-22 16:51:00.009 [quartzScheduler_Worker-8] WARN  cn.com.citycloud.hcs.common.task.Task - Could not find result map 'com.example.demo.bll.mapper.UserSecurityDao.entityResultMap' referenced from 'com.example.demo.bll.mapper.UserSecurityDao.get'
org.apache.ibatis.builder.IncompleteElementException: Could not find result map 'com.example.demo.bll.mapper.UserSecurityDao.entityResultMap' referenced from 'com.example.demo.bll.mapper.UserSecurityDao.get'
	at org.apache.ibatis.builder.MapperBuilderAssistant.getStatementResultMaps(MapperBuilderAssistant.java:341)
	at org.apache.ibatis.builder.MapperBuilderAssistant.addMappedStatement(MapperBuilderAssistant.java:285)
	at com.baomidou.mybatisplus.core.MybatisMapperAnnotationBuilder.parseStatement(MybatisMapperAnnotationBuilder.java:335)
	at com.baomidou.mybatisplus.core.MybatisMethodResolver.resolve(MybatisMethodResolver.java:42)
	at org.apache.ibatis.session.Configuration.lambda$buildAllStatements$3(Configuration.java:824)
	at org.apache.ibatis.session.Configuration$$Lambda$964/1368549527.test(Unknown Source)
	at java.util.Collection.removeIf(Collection.java:414)
	at org.apache.ibatis.session.Configuration.buildAllStatements(Configuration.java:823)
	at org.apache.ibatis.session.Configuration.hasStatement(Configuration.java:792)
	at org.apache.ibatis.session.Configuration.hasStatement(Configuration.java:787)
	at org.apache.ibatis.binding.MapperMethod$SqlCommand.resolveMappedStatement(MapperMethod.java:257)
	at org.apache.ibatis.binding.MapperMethod$SqlCommand.<init>(MapperMethod.java:227)
	at com.baomidou.mybatisplus.core.override.MybatisMapperMethod.<init>(MybatisMapperMethod.java:49)
	at com.baomidou.mybatisplus.core.override.MybatisMapperProxy.lambda$cachedMapperMethod$0(MybatisMapperProxy.java:65)
	at com.baomidou.mybatisplus.core.override.MybatisMapperProxy$$Lambda$963/611444849.apply(Unknown Source)
	at java.util.concurrent.ConcurrentHashMap.computeIfAbsent(ConcurrentHashMap.java:1660)
	at com.baomidou.mybatisplus.core.override.MybatisMapperProxy.cachedMapperMethod(MybatisMapperProxy.java:65)
	at com.baomidou.mybatisplus.core.override.MybatisMapperProxy.invoke(MybatisMapperProxy.java:60)
	at com.sun.proxy.$Proxy175.selectList(Unknown Source)
	at com.baomidou.mybatisplus.extension.service.impl.ServiceImpl.list(ServiceImpl.java:271)
	at com.example.demo.bll.service.impl.SysBizLogServiceImpl.getExpireds(SysBizLogServiceImpl.java:39)
	at com.example.demo.bll.service.impl.SysBizLogServiceImpl$$FastClassBySpringCGLIB$$b2b2f9a6.invoke(<generated>)
	at org.springframework.cglib.proxy.MethodProxy.invoke(MethodProxy.java:218)
	at org.springframework.aop.framework.CglibAopProxy$CglibMethodInvocation.invokeJoinpoint(CglibAopProxy.java:749)
	at org.springframework.aop.framework.ReflectiveMethodInvocation.proceed(ReflectiveMethodInvocation.java:163)
	at org.springframework.aop.framework.adapter.MethodBeforeAdviceInterceptor.invoke(MethodBeforeAdviceInterceptor.java:56)
	at org.springframework.aop.framework.ReflectiveMethodInvocation.proceed(ReflectiveMethodInvocation.java:175)
	at org.springframework.aop.aspectj.AspectJAfterAdvice.invoke(AspectJAfterAdvice.java:47)
	at org.springframework.aop.framework.ReflectiveMethodInvocation.proceed(ReflectiveMethodInvocation.java:175)
	at org.springframework.aop.interceptor.ExposeInvocationInterceptor.invoke(ExposeInvocationInterceptor.java:93)
	at org.springframework.aop.framework.ReflectiveMethodInvocation.proceed(ReflectiveMethodInvocation.java:186)
	at org.springframework.aop.framework.CglibAopProxy$DynamicAdvisedInterceptor.intercept(CglibAopProxy.java:688)
	at com.example.demo.bll.service.impl.SysBizLogServiceImpl$$EnhancerBySpringCGLIB$$af1f7bf7.getExpireds(<generated>)
	at cn.com.citycloud.hcs.common.task.log.expiredclean.ExpiredCleanTaskHandler.handle(ExpiredCleanTaskHandler.java:72)
	at cn.com.citycloud.hcs.common.task.Task.executeInternal(Task.java:75)
	at org.springframework.scheduling.quartz.QuartzJobBean.execute(QuartzJobBean.java:75)
	at org.quartz.core.JobRunShell.run(JobRunShell.java:202)
	at org.quartz.simpl.SimpleThreadPool$WorkerThread.run(SimpleThreadPool.java:573)
Caused by: java.lang.IllegalArgumentException: Result Maps collection does not contain value for com.example.demo.bll.mapper.UserSecurityDao.entityResultMap
	at org.apache.ibatis.session.Configuration$StrictMap.get(Configuration.java:964)
	at org.apache.ibatis.session.Configuration.getResultMap(Configuration.java:674)
	at org.apache.ibatis.builder.MapperBuilderAssistant.getStatementResultMaps(MapperBuilderAssistant.java:339)
	... 37 common frames omitted
2021-07-22 16:52:00.018 [quartzScheduler_Worker-5] WARN  cn.com.citycloud.hcs.common.task.Task - Could not find result map 'com.example.demo.bll.mapper.UserSecurityDao.entityResultMap' referenced from 'com.example.demo.bll.mapper.UserSecurityDao.get'
org.apache.ibatis.builder.IncompleteElementException: Could not find result map 'com.example.demo.bll.mapper.UserSecurityDao.entityResultMap' referenced from 'com.example.demo.bll.mapper.UserSecurityDao.get'
	at org.apache.ibatis.builder.MapperBuilderAssistant.getStatementResultMaps(MapperBuilderAssistant.java:341)
	at org.apache.ibatis.builder.MapperBuilderAssistant.addMappedStatement(MapperBuilderAssistant.java:285)
	at com.baomidou.mybatisplus.core.MybatisMapperAnnotationBuilder.parseStatement(MybatisMapperAnnotationBuilder.java:335)
	at com.baomidou.mybatisplus.core.MybatisMethodResolver.resolve(MybatisMethodResolver.java:42)
	at org.apache.ibatis.session.Configuration.lambda$buildAllStatements$3(Configuration.java:824)
	at org.apache.ibatis.session.Configuration$$Lambda$964/1368549527.test(Unknown Source)
	at java.util.Collection.removeIf(Collection.java:414)
	at org.apache.ibatis.session.Configuration.buildAllStatements(Configuration.java:823)
	at org.apache.ibatis.session.Configuration.hasStatement(Configuration.java:792)
	at org.apache.ibatis.session.Configuration.hasStatement(Configuration.java:787)
	at org.apache.ibatis.binding.MapperMethod$SqlCommand.resolveMappedStatement(MapperMethod.java:257)
	at org.apache.ibatis.binding.MapperMethod$SqlCommand.<init>(MapperMethod.java:227)
	at com.baomidou.mybatisplus.core.override.MybatisMapperMethod.<init>(MybatisMapperMethod.java:49)
	at com.baomidou.mybatisplus.core.override.MybatisMapperProxy.lambda$cachedMapperMethod$0(MybatisMapperProxy.java:65)
	at com.baomidou.mybatisplus.core.override.MybatisMapperProxy$$Lambda$963/611444849.apply(Unknown Source)
	at java.util.concurrent.ConcurrentHashMap.computeIfAbsent(ConcurrentHashMap.java:1660)
	at com.baomidou.mybatisplus.core.override.MybatisMapperProxy.cachedMapperMethod(MybatisMapperProxy.java:65)
	at com.baomidou.mybatisplus.core.override.MybatisMapperProxy.invoke(MybatisMapperProxy.java:60)
	at com.sun.proxy.$Proxy175.selectList(Unknown Source)
	at com.baomidou.mybatisplus.extension.service.impl.ServiceImpl.list(ServiceImpl.java:271)
	at com.example.demo.bll.service.impl.SysBizLogServiceImpl.getExpireds(SysBizLogServiceImpl.java:39)
	at com.example.demo.bll.service.impl.SysBizLogServiceImpl$$FastClassBySpringCGLIB$$b2b2f9a6.invoke(<generated>)
	at org.springframework.cglib.proxy.MethodProxy.invoke(MethodProxy.java:218)
	at org.springframework.aop.framework.CglibAopProxy$CglibMethodInvocation.invokeJoinpoint(CglibAopProxy.java:749)
	at org.springframework.aop.framework.ReflectiveMethodInvocation.proceed(ReflectiveMethodInvocation.java:163)
	at org.springframework.aop.framework.adapter.MethodBeforeAdviceInterceptor.invoke(MethodBeforeAdviceInterceptor.java:56)
	at org.springframework.aop.framework.ReflectiveMethodInvocation.proceed(ReflectiveMethodInvocation.java:175)
	at org.springframework.aop.aspectj.AspectJAfterAdvice.invoke(AspectJAfterAdvice.java:47)
	at org.springframework.aop.framework.ReflectiveMethodInvocation.proceed(ReflectiveMethodInvocation.java:175)
	at org.springframework.aop.interceptor.ExposeInvocationInterceptor.invoke(ExposeInvocationInterceptor.java:93)
	at org.springframework.aop.framework.ReflectiveMethodInvocation.proceed(ReflectiveMethodInvocation.java:186)
	at org.springframework.aop.framework.CglibAopProxy$DynamicAdvisedInterceptor.intercept(CglibAopProxy.java:688)
	at com.example.demo.bll.service.impl.SysBizLogServiceImpl$$EnhancerBySpringCGLIB$$af1f7bf7.getExpireds(<generated>)
	at cn.com.citycloud.hcs.common.task.log.expiredclean.ExpiredCleanTaskHandler.handle(ExpiredCleanTaskHandler.java:72)
	at cn.com.citycloud.hcs.common.task.Task.executeInternal(Task.java:75)
	at org.springframework.scheduling.quartz.QuartzJobBean.execute(QuartzJobBean.java:75)
	at org.quartz.core.JobRunShell.run(JobRunShell.java:202)
	at org.quartz.simpl.SimpleThreadPool$WorkerThread.run(SimpleThreadPool.java:573)
Caused by: java.lang.IllegalArgumentException: Result Maps collection does not contain value for com.example.demo.bll.mapper.UserSecurityDao.entityResultMap
	at org.apache.ibatis.session.Configuration$StrictMap.get(Configuration.java:964)
	at org.apache.ibatis.session.Configuration.getResultMap(Configuration.java:674)
	at org.apache.ibatis.builder.MapperBuilderAssistant.getStatementResultMaps(MapperBuilderAssistant.java:339)
	... 37 common frames omitted
2021-07-22 16:53:00.025 [quartzScheduler_Worker-2] WARN  cn.com.citycloud.hcs.common.task.Task - Could not find result map 'com.example.demo.bll.mapper.UserSecurityDao.entityResultMap' referenced from 'com.example.demo.bll.mapper.UserSecurityDao.get'
org.apache.ibatis.builder.IncompleteElementException: Could not find result map 'com.example.demo.bll.mapper.UserSecurityDao.entityResultMap' referenced from 'com.example.demo.bll.mapper.UserSecurityDao.get'
	at org.apache.ibatis.builder.MapperBuilderAssistant.getStatementResultMaps(MapperBuilderAssistant.java:341)
	at org.apache.ibatis.builder.MapperBuilderAssistant.addMappedStatement(MapperBuilderAssistant.java:285)
	at com.baomidou.mybatisplus.core.MybatisMapperAnnotationBuilder.parseStatement(MybatisMapperAnnotationBuilder.java:335)
	at com.baomidou.mybatisplus.core.MybatisMethodResolver.resolve(MybatisMethodResolver.java:42)
	at org.apache.ibatis.session.Configuration.lambda$buildAllStatements$3(Configuration.java:824)
	at org.apache.ibatis.session.Configuration$$Lambda$964/1368549527.test(Unknown Source)
	at java.util.Collection.removeIf(Collection.java:414)
	at org.apache.ibatis.session.Configuration.buildAllStatements(Configuration.java:823)
	at org.apache.ibatis.session.Configuration.hasStatement(Configuration.java:792)
	at org.apache.ibatis.session.Configuration.hasStatement(Configuration.java:787)
	at org.apache.ibatis.binding.MapperMethod$SqlCommand.resolveMappedStatement(MapperMethod.java:257)
	at org.apache.ibatis.binding.MapperMethod$SqlCommand.<init>(MapperMethod.java:227)
	at com.baomidou.mybatisplus.core.override.MybatisMapperMethod.<init>(MybatisMapperMethod.java:49)
	at com.baomidou.mybatisplus.core.override.MybatisMapperProxy.lambda$cachedMapperMethod$0(MybatisMapperProxy.java:65)
	at com.baomidou.mybatisplus.core.override.MybatisMapperProxy$$Lambda$963/611444849.apply(Unknown Source)
	at java.util.concurrent.ConcurrentHashMap.computeIfAbsent(ConcurrentHashMap.java:1660)
	at com.baomidou.mybatisplus.core.override.MybatisMapperProxy.cachedMapperMethod(MybatisMapperProxy.java:65)
	at com.baomidou.mybatisplus.core.override.MybatisMapperProxy.invoke(MybatisMapperProxy.java:60)
	at com.sun.proxy.$Proxy175.selectList(Unknown Source)
	at com.baomidou.mybatisplus.extension.service.impl.ServiceImpl.list(ServiceImpl.java:271)
	at com.example.demo.bll.service.impl.SysBizLogServiceImpl.getExpireds(SysBizLogServiceImpl.java:39)
	at com.example.demo.bll.service.impl.SysBizLogServiceImpl$$FastClassBySpringCGLIB$$b2b2f9a6.invoke(<generated>)
	at org.springframework.cglib.proxy.MethodProxy.invoke(MethodProxy.java:218)
	at org.springframework.aop.framework.CglibAopProxy$CglibMethodInvocation.invokeJoinpoint(CglibAopProxy.java:749)
	at org.springframework.aop.framework.ReflectiveMethodInvocation.proceed(ReflectiveMethodInvocation.java:163)
	at org.springframework.aop.framework.adapter.MethodBeforeAdviceInterceptor.invoke(MethodBeforeAdviceInterceptor.java:56)
	at org.springframework.aop.framework.ReflectiveMethodInvocation.proceed(ReflectiveMethodInvocation.java:175)
	at org.springframework.aop.aspectj.AspectJAfterAdvice.invoke(AspectJAfterAdvice.java:47)
	at org.springframework.aop.framework.ReflectiveMethodInvocation.proceed(ReflectiveMethodInvocation.java:175)
	at org.springframework.aop.interceptor.ExposeInvocationInterceptor.invoke(ExposeInvocationInterceptor.java:93)
	at org.springframework.aop.framework.ReflectiveMethodInvocation.proceed(ReflectiveMethodInvocation.java:186)
	at org.springframework.aop.framework.CglibAopProxy$DynamicAdvisedInterceptor.intercept(CglibAopProxy.java:688)
	at com.example.demo.bll.service.impl.SysBizLogServiceImpl$$EnhancerBySpringCGLIB$$af1f7bf7.getExpireds(<generated>)
	at cn.com.citycloud.hcs.common.task.log.expiredclean.ExpiredCleanTaskHandler.handle(ExpiredCleanTaskHandler.java:72)
	at cn.com.citycloud.hcs.common.task.Task.executeInternal(Task.java:75)
	at org.springframework.scheduling.quartz.QuartzJobBean.execute(QuartzJobBean.java:75)
	at org.quartz.core.JobRunShell.run(JobRunShell.java:202)
	at org.quartz.simpl.SimpleThreadPool$WorkerThread.run(SimpleThreadPool.java:573)
Caused by: java.lang.IllegalArgumentException: Result Maps collection does not contain value for com.example.demo.bll.mapper.UserSecurityDao.entityResultMap
	at org.apache.ibatis.session.Configuration$StrictMap.get(Configuration.java:964)
	at org.apache.ibatis.session.Configuration.getResultMap(Configuration.java:674)
	at org.apache.ibatis.builder.MapperBuilderAssistant.getStatementResultMaps(MapperBuilderAssistant.java:339)
	... 37 common frames omitted
2021-07-22 17:14:33.435 [main] WARN  c.b.mybatisplus.core.injector.AbstractMethod - [com.example.demo.bll.mapper.TaskFailureRetryLogMapper.insert] Has been loaded by XML or SqlProvider or Mybatis's Annotation, so ignoring this injection for [class com.baomidou.mybatisplus.core.injector.methods.Insert]
2021-07-22 17:20:47.369 [HikariPool-1 housekeeper] WARN  com.zaxxer.hikari.pool.HikariPool - HikariPool-1 - Thread starvation or clock leap detected (housekeeper delta=1m18s895ms582s800ns).
2021-07-22 17:20:47.382 [HikariPool-2 housekeeper] WARN  com.zaxxer.hikari.pool.HikariPool - HikariPool-2 - Thread starvation or clock leap detected (housekeeper delta=1m16s733ms136s500ns).
2021-07-22 17:20:47.437 [HikariPool-3 housekeeper] WARN  com.zaxxer.hikari.pool.HikariPool - HikariPool-3 - Thread starvation or clock leap detected (housekeeper delta=1m17s115ms657s100ns).
2021-07-22 17:21:11.633 [ActiveMQ Transport: tcp:///10.162.12.148:61616@51635] WARN  o.a.activemq.transport.failover.FailoverTransport - Transport (tcp://10.162.12.148:61616) failed , attempting to automatically reconnect: {}
java.io.EOFException: null
	at java.io.DataInputStream.readInt(DataInputStream.java:392)
	at org.apache.activemq.openwire.OpenWireFormat.unmarshal(OpenWireFormat.java:268)
	at org.apache.activemq.transport.tcp.TcpTransport.readCommand(TcpTransport.java:240)
	at org.apache.activemq.transport.tcp.TcpTransport.doRun(TcpTransport.java:232)
	at org.apache.activemq.transport.tcp.TcpTransport.run(TcpTransport.java:215)
	at java.lang.Thread.run(Thread.java:745)
2021-07-22 17:21:55.305 [HikariPool-3 housekeeper] WARN  com.zaxxer.hikari.pool.HikariPool - HikariPool-3 - Thread starvation or clock leap detected (housekeeper delta=1m7s868ms199s500ns).
2021-07-22 17:21:55.315 [HikariPool-1 housekeeper] WARN  com.zaxxer.hikari.pool.HikariPool - HikariPool-1 - Thread starvation or clock leap detected (housekeeper delta=1m7s949ms263s300ns).
2021-07-22 17:21:55.319 [HikariPool-2 housekeeper] WARN  com.zaxxer.hikari.pool.HikariPool - HikariPool-2 - Thread starvation or clock leap detected (housekeeper delta=1m7s936ms725s800ns).
2021-07-22 17:31:09.066 [main] WARN  c.b.mybatisplus.core.injector.AbstractMethod - [com.example.demo.bll.mapper.TaskFailureRetryLogMapper.insert] Has been loaded by XML or SqlProvider or Mybatis's Annotation, so ignoring this injection for [class com.baomidou.mybatisplus.core.injector.methods.Insert]
2021-07-22 17:36:04.468 [HikariPool-1 housekeeper] WARN  com.zaxxer.hikari.pool.HikariPool - HikariPool-1 - Thread starvation or clock leap detected (housekeeper delta=2m59s432ms653s500ns).
2021-07-22 17:36:04.468 [HikariPool-2 housekeeper] WARN  com.zaxxer.hikari.pool.HikariPool - HikariPool-2 - Thread starvation or clock leap detected (housekeeper delta=2m59s433ms256s).
2021-07-22 17:36:06.823 [ActiveMQ Transport: tcp:///10.162.12.148:61616@52459] WARN  o.a.activemq.transport.failover.FailoverTransport - Transport (tcp://10.162.12.148:61616) failed , attempting to automatically reconnect: {}
java.io.EOFException: null
	at java.io.DataInputStream.readInt(DataInputStream.java:392)
	at org.apache.activemq.openwire.OpenWireFormat.unmarshal(OpenWireFormat.java:268)
	at org.apache.activemq.transport.tcp.TcpTransport.readCommand(TcpTransport.java:240)
	at org.apache.activemq.transport.tcp.TcpTransport.doRun(TcpTransport.java:232)
	at org.apache.activemq.transport.tcp.TcpTransport.run(TcpTransport.java:215)
	at java.lang.Thread.run(Thread.java:745)
2021-07-22 17:37:35.783 [HikariPool-3 housekeeper] WARN  com.zaxxer.hikari.pool.HikariPool - HikariPool-3 - Thread starvation or clock leap detected (housekeeper delta=52s792ms541s).
2021-07-22 17:37:35.783 [HikariPool-2 housekeeper] WARN  com.zaxxer.hikari.pool.HikariPool - HikariPool-2 - Thread starvation or clock leap detected (housekeeper delta=52s793ms162s900ns).
2021-07-22 17:37:47.610 [HikariPool-1 housekeeper] WARN  com.zaxxer.hikari.pool.HikariPool - HikariPool-1 - Thread starvation or clock leap detected (housekeeper delta=1m4s618ms679s700ns).
2021-07-22 17:39:11.860 [HikariPool-1 housekeeper] WARN  com.zaxxer.hikari.pool.HikariPool - HikariPool-1 - Thread starvation or clock leap detected (housekeeper delta=1m24s252ms735s800ns).
2021-07-22 17:39:11.869 [HikariPool-3 housekeeper] WARN  com.zaxxer.hikari.pool.HikariPool - HikariPool-3 - Thread starvation or clock leap detected (housekeeper delta=56s800ms234s900ns).
2021-07-22 17:39:11.869 [HikariPool-2 housekeeper] WARN  com.zaxxer.hikari.pool.HikariPool - HikariPool-2 - Thread starvation or clock leap detected (housekeeper delta=56s786ms842s600ns).
2021-07-22 17:39:14.393 [ActiveMQ Transport: tcp:///10.162.12.148:61616@52796] WARN  o.a.activemq.transport.failover.FailoverTransport - Transport (tcp://10.162.12.148:61616) failed , attempting to automatically reconnect: {}
java.io.EOFException: null
	at java.io.DataInputStream.readInt(DataInputStream.java:392)
	at org.apache.activemq.openwire.OpenWireFormat.unmarshal(OpenWireFormat.java:268)
	at org.apache.activemq.transport.tcp.TcpTransport.readCommand(TcpTransport.java:240)
	at org.apache.activemq.transport.tcp.TcpTransport.doRun(TcpTransport.java:232)
	at org.apache.activemq.transport.tcp.TcpTransport.run(TcpTransport.java:215)
	at java.lang.Thread.run(Thread.java:745)
2021-07-22 17:57:19.008 [main] WARN  c.b.mybatisplus.core.injector.AbstractMethod - [com.example.demo.bll.mapper.TaskFailureRetryLogMapper.insert] Has been loaded by XML or SqlProvider or Mybatis's Annotation, so ignoring this injection for [class com.baomidou.mybatisplus.core.injector.methods.Insert]
2021-07-22 18:01:10.827 [HikariPool-1 housekeeper] WARN  com.zaxxer.hikari.pool.HikariPool - HikariPool-1 - Thread starvation or clock leap detected (housekeeper delta=56s353ms953s800ns).
