2021-06-02 09:35:27.287 [main] WARN  c.b.mybatisplus.core.injector.AbstractMethod - [com.example.demo.bll.mapper.TaskFailureRetryLogMapper.insert] Has been loaded by XML or SqlProvider or Mybatis's Annotation, so ignoring this injection for [class com.baomidou.mybatisplus.core.injector.methods.Insert]
2021-06-02 10:17:13.319 [main] WARN  c.b.mybatisplus.core.injector.AbstractMethod - [com.example.demo.bll.mapper.TaskFailureRetryLogMapper.insert] Has been loaded by XML or SqlProvider or Mybatis's Annotation, so ignoring this injection for [class com.baomidou.mybatisplus.core.injector.methods.Insert]
2021-06-02 11:20:15.239 [main] WARN  c.b.mybatisplus.core.injector.AbstractMethod - [com.example.demo.bll.mapper.TaskFailureRetryLogMapper.insert] Has been loaded by XML or SqlProvider or Mybatis's Annotation, so ignoring this injection for [class com.baomidou.mybatisplus.core.injector.methods.Insert]
2021-06-02 11:34:20.076 [main] WARN  c.b.mybatisplus.core.injector.AbstractMethod - [com.example.demo.bll.mapper.TaskFailureRetryLogMapper.insert] Has been loaded by XML or SqlProvider or Mybatis's Annotation, so ignoring this injection for [class com.baomidou.mybatisplus.core.injector.methods.Insert]
2021-06-02 12:02:41.154 [ActiveMQ Transport: tcp:///10.162.12.148:61616@57082] WARN  o.a.activemq.transport.failover.FailoverTransport - Transport (tcp://10.162.12.148:61616) failed , attempting to automatically reconnect: {}
java.net.SocketException: Software caused connection abort: recv failed
	at java.net.SocketInputStream.socketRead0(Native Method)
	at java.net.SocketInputStream.read(SocketInputStream.java:150)
	at java.net.SocketInputStream.read(SocketInputStream.java:121)
	at org.apache.activemq.transport.tcp.TcpBufferedInputStream.fill(TcpBufferedInputStream.java:50)
	at org.apache.activemq.transport.tcp.TcpTransport$2.fill(TcpTransport.java:634)
	at org.apache.activemq.transport.tcp.TcpBufferedInputStream.read(TcpBufferedInputStream.java:59)
	at org.apache.activemq.transport.tcp.TcpTransport$2.read(TcpTransport.java:619)
	at java.io.DataInputStream.readInt(DataInputStream.java:387)
	at org.apache.activemq.openwire.OpenWireFormat.unmarshal(OpenWireFormat.java:268)
	at org.apache.activemq.transport.tcp.TcpTransport.readCommand(TcpTransport.java:240)
	at org.apache.activemq.transport.tcp.TcpTransport.doRun(TcpTransport.java:232)
	at org.apache.activemq.transport.tcp.TcpTransport.run(TcpTransport.java:215)
	at java.lang.Thread.run(Thread.java:745)
2021-06-02 16:40:56.556 [main] WARN  c.b.mybatisplus.core.injector.AbstractMethod - [com.example.demo.bll.mapper.TaskFailureRetryLogMapper.insert] Has been loaded by XML or SqlProvider or Mybatis's Annotation, so ignoring this injection for [class com.baomidou.mybatisplus.core.injector.methods.Insert]
2021-06-02 17:33:00.043 [main] WARN  c.b.mybatisplus.core.injector.AbstractMethod - [com.example.demo.bll.mapper.TaskFailureRetryLogMapper.insert] Has been loaded by XML or SqlProvider or Mybatis's Annotation, so ignoring this injection for [class com.baomidou.mybatisplus.core.injector.methods.Insert]
